<?xml version="1.0" encoding="UTF-8"?>
<coverage generated="1579645435528" clover="3.2.0">
  <project timestamp="1579645435529" name="All files">
    <metrics statements="24" coveredstatements="23" conditionals="29" coveredconditionals="25" methods="11" coveredmethods="10" elements="64" coveredelements="58" complexity="0" loc="24" ncloc="24" packages="1" files="1" classes="1">
      <file name="data.js" path="/home/laboratoria/Projects/SAP003-data-lovers/src/data.js">
        <metrics statements="24" coveredstatements="23" conditionals="29" coveredconditionals="25" methods="11" coveredmethods="10"/>
        <line num="1" count="1" type="stmt"/>
        <line num="2" count="3" type="cond" truecount="4" falsecount="0"/>
        <line num="3" count="1" type="stmt"/>
        <line num="4" count="2" type="cond" truecount="5" falsecount="0"/>
        <line num="5" count="1" type="stmt"/>
        <line num="7" count="1" type="stmt"/>
        <line num="11" count="1" type="stmt"/>
        <line num="12" count="15" type="cond" truecount="2" falsecount="0"/>
        <line num="15" count="1" type="stmt"/>
        <line num="16" count="3" type="cond" truecount="1" falsecount="1"/>
        <line num="17" count="15" type="stmt"/>
        <line num="19" count="0" type="stmt"/>
        <line num="27" count="1" type="stmt"/>
        <line num="28" count="3" type="cond" truecount="2" falsecount="0"/>
        <line num="29" count="1" type="stmt"/>
        <line num="31" count="10" type="stmt"/>
        <line num="35" count="1" type="stmt"/>
        <line num="36" count="3" type="cond" truecount="1" falsecount="1"/>
        <line num="38" count="10" type="cond" truecount="2" falsecount="0"/>
        <line num="39" count="10" type="cond" truecount="1" falsecount="1"/>
        <line num="41" count="3" type="cond" truecount="4" falsecount="0"/>
        <line num="42" count="1" type="stmt"/>
        <line num="43" count="2" type="cond" truecount="3" falsecount="1"/>
        <line num="44" count="2" type="stmt"/>
      </file>
    </metrics>
  </project>
</coverage>
