<?xml version="1.0" encoding="UTF-8"?>
<coverage generated="1579718280081" clover="3.2.0">
  <project timestamp="1579718280081" name="All files">
    <metrics statements="23" coveredstatements="23" conditionals="25" coveredconditionals="25" methods="11" coveredmethods="11" elements="59" coveredelements="59" complexity="0" loc="23" ncloc="23" packages="1" files="1" classes="1">
      <file name="data.js" path="/home/laboratoria/Projects/SAP003-data-lovers/src/data.js">
        <metrics statements="23" coveredstatements="23" conditionals="25" coveredconditionals="25" methods="11" coveredmethods="11"/>
        <line num="1" count="1" type="stmt"/>
        <line num="2" count="3" type="cond" truecount="4" falsecount="0"/>
        <line num="3" count="1" type="stmt"/>
        <line num="4" count="2" type="cond" truecount="5" falsecount="0"/>
        <line num="5" count="1" type="stmt"/>
        <line num="7" count="1" type="stmt"/>
        <line num="11" count="1" type="stmt"/>
        <line num="12" count="15" type="cond" truecount="2" falsecount="0"/>
        <line num="15" count="1" type="stmt"/>
        <line num="16" count="3" type="cond" truecount="2" falsecount="0"/>
        <line num="17" count="10" type="stmt"/>
        <line num="19" count="5" type="stmt"/>
        <line num="27" count="1" type="stmt"/>
        <line num="28" count="3" type="cond" truecount="2" falsecount="0"/>
        <line num="29" count="1" type="stmt"/>
        <line num="31" count="10" type="stmt"/>
        <line num="35" count="1" type="stmt"/>
        <line num="36" count="5" type="cond" truecount="2" falsecount="0"/>
        <line num="38" count="16" type="cond" truecount="2" falsecount="0"/>
        <line num="39" count="19" type="cond" truecount="2" falsecount="0"/>
        <line num="41" count="5" type="cond" truecount="4" falsecount="0"/>
        <line num="42" count="2" type="stmt"/>
        <line num="44" count="3" type="stmt"/>
      </file>
    </metrics>
  </project>
</coverage>
