{"/home/laboratoria/Projects/SAP003-data-lovers/src/data.js": {"path":"/home/laboratoria/Projects/SAP003-data-lovers/src/data.js","statementMap":{"0":{"start":{"line":1,"column":23},"end":{"line":9,"column":1}},"1":{"start":{"line":2,"column":2},"end":{"line":8,"column":3}},"2":{"start":{"line":3,"column":4},"end":{"line":3,"column":32}},"3":{"start":{"line":4,"column":9},"end":{"line":8,"column":3}},"4":{"start":{"line":5,"column":4},"end":{"line":5,"column":30}},"5":{"start":{"line":7,"column":4},"end":{"line":7,"column":54}},"6":{"start":{"line":11,"column":21},"end":{"line":13,"column":1}},"7":{"start":{"line":12,"column":2},"end":{"line":12,"column":90}},"8":{"start":{"line":12,"column":32},"end":{"line":12,"column":88}},"9":{"start":{"line":15,"column":23},"end":{"line":25,"column":1}},"10":{"start":{"line":16,"column":2},"end":{"line":24,"column":3}},"11":{"start":{"line":17,"column":4},"end":{"line":17,"column":93}},"12":{"start":{"line":17,"column":47},"end":{"line":17,"column":88}},"13":{"start":{"line":19,"column":4},"end":{"line":23,"column":43}},"14":{"start":{"line":19,"column":41},"end":{"line":23,"column":5}},"15":{"start":{"line":27,"column":16},"end":{"line":33,"column":1}},"16":{"start":{"line":28,"column":2},"end":{"line":32,"column":3}},"17":{"start":{"line":29,"column":4},"end":{"line":29,"column":46}},"18":{"start":{"line":31,"column":4},"end":{"line":31,"column":68}},"19":{"start":{"line":31,"column":41},"end":{"line":31,"column":66}},"20":{"start":{"line":35,"column":23},"end":{"line":46,"column":1}},"21":{"start":{"line":36,"column":22},"end":{"line":36,"column":89}},"22":{"start":{"line":38,"column":18},"end":{"line":38,"column":115}},"23":{"start":{"line":38,"column":28},"end":{"line":38,"column":114}},"24":{"start":{"line":38,"column":86},"end":{"line":38,"column":95}},"25":{"start":{"line":38,"column":103},"end":{"line":38,"column":113}},"26":{"start":{"line":39,"column":18},"end":{"line":39,"column":115}},"27":{"start":{"line":39,"column":28},"end":{"line":39,"column":114}},"28":{"start":{"line":39,"column":86},"end":{"line":39,"column":95}},"29":{"start":{"line":39,"column":103},"end":{"line":39,"column":113}},"30":{"start":{"line":41,"column":2},"end":{"line":45,"column":3}},"31":{"start":{"line":42,"column":4},"end":{"line":42,"column":36}},"32":{"start":{"line":44,"column":4},"end":{"line":44,"column":35}}},"fnMap":{"0":{"name":"(anonymous_0)","decl":{"start":{"line":1,"column":23},"end":{"line":1,"column":24}},"loc":{"start":{"line":1,"column":57},"end":{"line":9,"column":1}},"line":1},"1":{"name":"(anonymous_1)","decl":{"start":{"line":11,"column":21},"end":{"line":11,"column":22}},"loc":{"start":{"line":11,"column":55},"end":{"line":13,"column":1}},"line":11},"2":{"name":"(anonymous_2)","decl":{"start":{"line":12,"column":21},"end":{"line":12,"column":22}},"loc":{"start":{"line":12,"column":32},"end":{"line":12,"column":88}},"line":12},"3":{"name":"(anonymous_3)","decl":{"start":{"line":15,"column":23},"end":{"line":15,"column":24}},"loc":{"start":{"line":15,"column":47},"end":{"line":25,"column":1}},"line":15},"4":{"name":"(anonymous_4)","decl":{"start":{"line":17,"column":26},"end":{"line":17,"column":27}},"loc":{"start":{"line":17,"column":47},"end":{"line":17,"column":88}},"line":17},"5":{"name":"(anonymous_5)","decl":{"start":{"line":19,"column":26},"end":{"line":19,"column":27}},"loc":{"start":{"line":19,"column":41},"end":{"line":23,"column":5}},"line":19},"6":{"name":"(anonymous_6)","decl":{"start":{"line":27,"column":16},"end":{"line":27,"column":17}},"loc":{"start":{"line":27,"column":45},"end":{"line":33,"column":1}},"line":27},"7":{"name":"(anonymous_7)","decl":{"start":{"line":31,"column":30},"end":{"line":31,"column":31}},"loc":{"start":{"line":31,"column":41},"end":{"line":31,"column":66}},"line":31},"8":{"name":"(anonymous_8)","decl":{"start":{"line":35,"column":23},"end":{"line":35,"column":24}},"loc":{"start":{"line":35,"column":82},"end":{"line":46,"column":1}},"line":35},"9":{"name":"(anonymous_9)","decl":{"start":{"line":38,"column":18},"end":{"line":38,"column":19}},"loc":{"start":{"line":38,"column":27},"end":{"line":38,"column":115}},"line":38},"10":{"name":"(anonymous_10)","decl":{"start":{"line":39,"column":18},"end":{"line":39,"column":19}},"loc":{"start":{"line":39,"column":27},"end":{"line":39,"column":115}},"line":39}},"branchMap":{"0":{"loc":{"start":{"line":2,"column":2},"end":{"line":8,"column":3}},"type":"if","locations":[{"start":{"line":2,"column":2},"end":{"line":8,"column":3}},{"start":{"line":2,"column":2},"end":{"line":8,"column":3}}],"line":2},"1":{"loc":{"start":{"line":2,"column":6},"end":{"line":2,"column":42}},"type":"binary-expr","locations":[{"start":{"line":2,"column":6},"end":{"line":2,"column":23}},{"start":{"line":2,"column":27},"end":{"line":2,"column":42}}],"line":2},"2":{"loc":{"start":{"line":4,"column":9},"end":{"line":8,"column":3}},"type":"if","locations":[{"start":{"line":4,"column":9},"end":{"line":8,"column":3}},{"start":{"line":4,"column":9},"end":{"line":8,"column":3}}],"line":4},"3":{"loc":{"start":{"line":4,"column":13},"end":{"line":4,"column":78}},"type":"binary-expr","locations":[{"start":{"line":4,"column":13},"end":{"line":4,"column":31}},{"start":{"line":4,"column":35},"end":{"line":4,"column":51}},{"start":{"line":4,"column":55},"end":{"line":4,"column":78}}],"line":4},"4":{"loc":{"start":{"line":12,"column":32},"end":{"line":12,"column":88}},"type":"binary-expr","locations":[{"start":{"line":12,"column":32},"end":{"line":12,"column":59}},{"start":{"line":12,"column":63},"end":{"line":12,"column":88}}],"line":12},"5":{"loc":{"start":{"line":16,"column":2},"end":{"line":24,"column":3}},"type":"if","locations":[{"start":{"line":16,"column":2},"end":{"line":24,"column":3}},{"start":{"line":16,"column":2},"end":{"line":24,"column":3}}],"line":16},"6":{"loc":{"start":{"line":28,"column":2},"end":{"line":32,"column":3}},"type":"if","locations":[{"start":{"line":28,"column":2},"end":{"line":32,"column":3}},{"start":{"line":28,"column":2},"end":{"line":32,"column":3}}],"line":28},"7":{"loc":{"start":{"line":36,"column":22},"end":{"line":36,"column":89}},"type":"cond-expr","locations":[{"start":{"line":36,"column":52},"end":{"line":36,"column":71}},{"start":{"line":36,"column":74},"end":{"line":36,"column":89}}],"line":36},"8":{"loc":{"start":{"line":38,"column":28},"end":{"line":38,"column":114}},"type":"if","locations":[{"start":{"line":38,"column":28},"end":{"line":38,"column":114}},{"start":{"line":38,"column":28},"end":{"line":38,"column":114}}],"line":38},"9":{"loc":{"start":{"line":39,"column":28},"end":{"line":39,"column":114}},"type":"if","locations":[{"start":{"line":39,"column":28},"end":{"line":39,"column":114}},{"start":{"line":39,"column":28},"end":{"line":39,"column":114}}],"line":39},"10":{"loc":{"start":{"line":41,"column":2},"end":{"line":45,"column":3}},"type":"if","locations":[{"start":{"line":41,"column":2},"end":{"line":45,"column":3}},{"start":{"line":41,"column":2},"end":{"line":45,"column":3}}],"line":41},"11":{"loc":{"start":{"line":41,"column":6},"end":{"line":41,"column":47}},"type":"binary-expr","locations":[{"start":{"line":41,"column":6},"end":{"line":41,"column":26}},{"start":{"line":41,"column":30},"end":{"line":41,"column":47}}],"line":41}},"s":{"0":1,"1":3,"2":1,"3":2,"4":1,"5":1,"6":1,"7":3,"8":15,"9":1,"10":3,"11":2,"12":10,"13":1,"14":5,"15":1,"16":3,"17":1,"18":2,"19":10,"20":1,"21":5,"22":5,"23":16,"24":4,"25":12,"26":5,"27":19,"28":17,"29":2,"30":5,"31":2,"32":3},"f":{"0":3,"1":3,"2":15,"3":3,"4":10,"5":5,"6":3,"7":10,"8":5,"9":16,"10":19},"b":{"0":[1,2],"1":[3,2],"2":[1,1],"3":[2,1,1],"4":[15,12],"5":[2,1],"6":[1,2],"7":[4,1],"8":[4,12],"9":[17,2],"10":[2,3],"11":[5,4]},"_coverageSchema":"332fd63041d2c1bcb487cc26dd0d5f7d97098a6c","hash":"f4616123447c3eeb86d3b2e3df7d9b2e268154b6"}
}
