{"/home/laboratoria/Projects/SAP003-data-lovers/src/data.js": {"path":"/home/laboratoria/Projects/SAP003-data-lovers/src/data.js","statementMap":{"0":{"start":{"line":1,"column":23},"end":{"line":9,"column":1}},"1":{"start":{"line":2,"column":2},"end":{"line":8,"column":3}},"2":{"start":{"line":3,"column":4},"end":{"line":3,"column":32}},"3":{"start":{"line":4,"column":9},"end":{"line":8,"column":3}},"4":{"start":{"line":5,"column":4},"end":{"line":5,"column":30}},"5":{"start":{"line":7,"column":4},"end":{"line":7,"column":54}},"6":{"start":{"line":11,"column":21},"end":{"line":13,"column":1}},"7":{"start":{"line":12,"column":2},"end":{"line":12,"column":90}},"8":{"start":{"line":12,"column":32},"end":{"line":12,"column":88}},"9":{"start":{"line":15,"column":23},"end":{"line":25,"column":1}},"10":{"start":{"line":16,"column":2},"end":{"line":24,"column":3}},"11":{"start":{"line":17,"column":4},"end":{"line":17,"column":93}},"12":{"start":{"line":17,"column":47},"end":{"line":17,"column":88}},"13":{"start":{"line":19,"column":4},"end":{"line":23,"column":43}},"14":{"start":{"line":19,"column":41},"end":{"line":23,"column":5}},"15":{"start":{"line":27,"column":16},"end":{"line":33,"column":1}},"16":{"start":{"line":28,"column":2},"end":{"line":32,"column":3}},"17":{"start":{"line":29,"column":4},"end":{"line":29,"column":46}},"18":{"start":{"line":31,"column":4},"end":{"line":31,"column":81}},"19":{"start":{"line":31,"column":41},"end":{"line":31,"column":79}},"20":{"start":{"line":35,"column":23},"end":{"line":46,"column":1}},"21":{"start":{"line":36,"column":22},"end":{"line":36,"column":89}},"22":{"start":{"line":38,"column":18},"end":{"line":38,"column":115}},"23":{"start":{"line":38,"column":28},"end":{"line":38,"column":114}},"24":{"start":{"line":38,"column":86},"end":{"line":38,"column":95}},"25":{"start":{"line":38,"column":103},"end":{"line":38,"column":113}},"26":{"start":{"line":39,"column":18},"end":{"line":39,"column":115}},"27":{"start":{"line":39,"column":28},"end":{"line":39,"column":114}},"28":{"start":{"line":39,"column":86},"end":{"line":39,"column":95}},"29":{"start":{"line":39,"column":103},"end":{"line":39,"column":113}},"30":{"start":{"line":41,"column":2},"end":{"line":45,"column":3}},"31":{"start":{"line":42,"column":4},"end":{"line":42,"column":36}},"32":{"start":{"line":43,"column":9},"end":{"line":45,"column":3}},"33":{"start":{"line":44,"column":4},"end":{"line":44,"column":35}},"34":{"start":{"line":48,"column":0},"end":{"line":48,"column":22}}},"fnMap":{"0":{"name":"(anonymous_0)","decl":{"start":{"line":1,"column":23},"end":{"line":1,"column":24}},"loc":{"start":{"line":1,"column":57},"end":{"line":9,"column":1}},"line":1},"1":{"name":"(anonymous_1)","decl":{"start":{"line":11,"column":21},"end":{"line":11,"column":22}},"loc":{"start":{"line":11,"column":55},"end":{"line":13,"column":1}},"line":11},"2":{"name":"(anonymous_2)","decl":{"start":{"line":12,"column":21},"end":{"line":12,"column":22}},"loc":{"start":{"line":12,"column":32},"end":{"line":12,"column":88}},"line":12},"3":{"name":"(anonymous_3)","decl":{"start":{"line":15,"column":23},"end":{"line":15,"column":24}},"loc":{"start":{"line":15,"column":47},"end":{"line":25,"column":1}},"line":15},"4":{"name":"(anonymous_4)","decl":{"start":{"line":17,"column":26},"end":{"line":17,"column":27}},"loc":{"start":{"line":17,"column":47},"end":{"line":17,"column":88}},"line":17},"5":{"name":"(anonymous_5)","decl":{"start":{"line":19,"column":26},"end":{"line":19,"column":27}},"loc":{"start":{"line":19,"column":41},"end":{"line":23,"column":5}},"line":19},"6":{"name":"(anonymous_6)","decl":{"start":{"line":27,"column":16},"end":{"line":27,"column":17}},"loc":{"start":{"line":27,"column":45},"end":{"line":33,"column":1}},"line":27},"7":{"name":"(anonymous_7)","decl":{"start":{"line":31,"column":30},"end":{"line":31,"column":31}},"loc":{"start":{"line":31,"column":41},"end":{"line":31,"column":79}},"line":31},"8":{"name":"(anonymous_8)","decl":{"start":{"line":35,"column":23},"end":{"line":35,"column":24}},"loc":{"start":{"line":35,"column":82},"end":{"line":46,"column":1}},"line":35},"9":{"name":"(anonymous_9)","decl":{"start":{"line":38,"column":18},"end":{"line":38,"column":19}},"loc":{"start":{"line":38,"column":27},"end":{"line":38,"column":115}},"line":38},"10":{"name":"(anonymous_10)","decl":{"start":{"line":39,"column":18},"end":{"line":39,"column":19}},"loc":{"start":{"line":39,"column":27},"end":{"line":39,"column":115}},"line":39}},"branchMap":{"0":{"loc":{"start":{"line":2,"column":2},"end":{"line":8,"column":3}},"type":"if","locations":[{"start":{"line":2,"column":2},"end":{"line":8,"column":3}},{"start":{"line":2,"column":2},"end":{"line":8,"column":3}}],"line":2},"1":{"loc":{"start":{"line":2,"column":6},"end":{"line":2,"column":42}},"type":"binary-expr","locations":[{"start":{"line":2,"column":6},"end":{"line":2,"column":23}},{"start":{"line":2,"column":27},"end":{"line":2,"column":42}}],"line":2},"2":{"loc":{"start":{"line":4,"column":9},"end":{"line":8,"column":3}},"type":"if","locations":[{"start":{"line":4,"column":9},"end":{"line":8,"column":3}},{"start":{"line":4,"column":9},"end":{"line":8,"column":3}}],"line":4},"3":{"loc":{"start":{"line":4,"column":13},"end":{"line":4,"column":78}},"type":"binary-expr","locations":[{"start":{"line":4,"column":13},"end":{"line":4,"column":31}},{"start":{"line":4,"column":35},"end":{"line":4,"column":51}},{"start":{"line":4,"column":55},"end":{"line":4,"column":78}}],"line":4},"4":{"loc":{"start":{"line":12,"column":32},"end":{"line":12,"column":88}},"type":"binary-expr","locations":[{"start":{"line":12,"column":32},"end":{"line":12,"column":59}},{"start":{"line":12,"column":63},"end":{"line":12,"column":88}}],"line":12},"5":{"loc":{"start":{"line":16,"column":2},"end":{"line":24,"column":3}},"type":"if","locations":[{"start":{"line":16,"column":2},"end":{"line":24,"column":3}},{"start":{"line":16,"column":2},"end":{"line":24,"column":3}}],"line":16},"6":{"loc":{"start":{"line":28,"column":2},"end":{"line":32,"column":3}},"type":"if","locations":[{"start":{"line":28,"column":2},"end":{"line":32,"column":3}},{"start":{"line":28,"column":2},"end":{"line":32,"column":3}}],"line":28},"7":{"loc":{"start":{"line":36,"column":22},"end":{"line":36,"column":89}},"type":"cond-expr","locations":[{"start":{"line":36,"column":52},"end":{"line":36,"column":71}},{"start":{"line":36,"column":74},"end":{"line":36,"column":89}}],"line":36},"8":{"loc":{"start":{"line":38,"column":28},"end":{"line":38,"column":114}},"type":"if","locations":[{"start":{"line":38,"column":28},"end":{"line":38,"column":114}},{"start":{"line":38,"column":28},"end":{"line":38,"column":114}}],"line":38},"9":{"loc":{"start":{"line":39,"column":28},"end":{"line":39,"column":114}},"type":"if","locations":[{"start":{"line":39,"column":28},"end":{"line":39,"column":114}},{"start":{"line":39,"column":28},"end":{"line":39,"column":114}}],"line":39},"10":{"loc":{"start":{"line":41,"column":2},"end":{"line":45,"column":3}},"type":"if","locations":[{"start":{"line":41,"column":2},"end":{"line":45,"column":3}},{"start":{"line":41,"column":2},"end":{"line":45,"column":3}}],"line":41},"11":{"loc":{"start":{"line":41,"column":6},"end":{"line":41,"column":47}},"type":"binary-expr","locations":[{"start":{"line":41,"column":6},"end":{"line":41,"column":26}},{"start":{"line":41,"column":30},"end":{"line":41,"column":47}}],"line":41},"12":{"loc":{"start":{"line":43,"column":9},"end":{"line":45,"column":3}},"type":"if","locations":[{"start":{"line":43,"column":9},"end":{"line":45,"column":3}},{"start":{"line":43,"column":9},"end":{"line":45,"column":3}}],"line":43},"13":{"loc":{"start":{"line":43,"column":13},"end":{"line":43,"column":57}},"type":"binary-expr","locations":[{"start":{"line":43,"column":13},"end":{"line":43,"column":35}},{"start":{"line":43,"column":39},"end":{"line":43,"column":57}}],"line":43}},"s":{"0":1,"1":0,"2":0,"3":0,"4":0,"5":0,"6":1,"7":1,"8":5,"9":1,"10":0,"11":0,"12":0,"13":0,"14":0,"15":1,"16":0,"17":0,"18":0,"19":0,"20":1,"21":0,"22":0,"23":0,"24":0,"25":0,"26":0,"27":0,"28":0,"29":0,"30":0,"31":0,"32":0,"33":0,"34":1},"f":{"0":0,"1":1,"2":5,"3":0,"4":0,"5":0,"6":0,"7":0,"8":0,"9":0,"10":0},"b":{"0":[0,0],"1":[0,0],"2":[0,0],"3":[0,0,0],"4":[5,0],"5":[0,0],"6":[0,0],"7":[0,0],"8":[0,0],"9":[0,0],"10":[0,0],"11":[0,0],"12":[0,0],"13":[0,0]},"_coverageSchema":"332fd63041d2c1bcb487cc26dd0d5f7d97098a6c","hash":"0579579a0aa2618283742bd05c3e6e33fd403470"}
}
