TN:
SF:/home/laboratoria/Projects/SAP003-data-lovers/src/data.js
FN:1,(anonymous_0)
FN:11,(anonymous_1)
FN:12,(anonymous_2)
FN:15,(anonymous_3)
FN:17,(anonymous_4)
FN:19,(anonymous_5)
FN:27,(anonymous_6)
FN:31,(anonymous_7)
FN:35,(anonymous_8)
FN:38,(anonymous_9)
FN:39,(anonymous_10)
FNF:11
FNH:11
FNDA:3,(anonymous_0)
FNDA:3,(anonymous_1)
FNDA:15,(anonymous_2)
FNDA:3,(anonymous_3)
FNDA:10,(anonymous_4)
FNDA:5,(anonymous_5)
FNDA:3,(anonymous_6)
FNDA:10,(anonymous_7)
FNDA:5,(anonymous_8)
FNDA:16,(anonymous_9)
FNDA:19,(anonymous_10)
DA:1,1
DA:2,3
DA:3,1
DA:4,2
DA:5,1
DA:7,1
DA:11,1
DA:12,15
DA:15,1
DA:16,3
DA:17,10
DA:19,5
DA:27,1
DA:28,3
DA:29,1
DA:31,10
DA:35,1
DA:36,5
DA:38,16
DA:39,19
DA:41,5
DA:42,2
DA:44,3
LF:23
LH:23
BRDA:2,0,0,1
BRDA:2,0,1,2
BRDA:2,1,0,3
BRDA:2,1,1,2
BRDA:4,2,0,1
BRDA:4,2,1,1
BRDA:4,3,0,2
BRDA:4,3,1,1
BRDA:4,3,2,1
BRDA:12,4,0,15
BRDA:12,4,1,12
BRDA:16,5,0,2
BRDA:16,5,1,1
BRDA:28,6,0,1
BRDA:28,6,1,2
BRDA:36,7,0,4
BRDA:36,7,1,1
BRDA:38,8,0,4
BRDA:38,8,1,12
BRDA:39,9,0,17
BRDA:39,9,1,2
BRDA:41,10,0,2
BRDA:41,10,1,3
BRDA:41,11,0,5
BRDA:41,11,1,4
BRF:25
BRH:25
end_of_record
